<?xml version="1.0" encoding="UTF-8"?>
<!-- Generated by org.testng.reporters.JUnitReportReporter -->
<testsuite skipped="0" hostname="DESKTOP-IPRP17D" name="com.class01.orangehrmExample" tests="1" failures="0" timestamp="30 May 2019 02:33:44 GMT" time="10.048" errors="0">
  <testcase name="login" time="10.048" classname="com.class01.orangehrmExample"/>
</testsuite> <!-- com.class01.orangehrmExample -->
