<?xml version="1.0" encoding="UTF-8"?>
<!-- Generated by org.testng.reporters.JUnitReportReporter -->
<testsuite skipped="0" hostname="DESKTOP-IPRP17D" name="com.class01.Task" tests="1" failures="0" timestamp="30 May 2019 15:38:49 GMT" time="12.047" errors="0">
  <testcase name="login" time="12.047" classname="com.class01.Task"/>
</testsuite> <!-- com.class01.Task -->
