<?xml version="1.0" encoding="UTF-8"?>
<!-- Generated by org.testng.reporters.JUnitReportReporter -->
<testsuite skipped="0" hostname="DESKTOP-IPRP17D" name="com.class01.test" tests="1" failures="0" timestamp="30 May 2019 02:28:26 GMT" time="0.009" errors="0">
  <testcase name="testDemo" time="0.009" classname="com.class01.test"/>
</testsuite> <!-- com.class01.test -->
